<?xml version="1.0" encoding="UTF-8"?>
<testng-results ignored="0" total="1" passed="1" failed="0" skipped="0">
  <reporter-output>
  </reporter-output>
  <suite started-at="2023-08-07T08:39:25 BST" name="Default suite" finished-at="2023-08-07T08:40:58 BST" duration-ms="92682">
    <groups>
      <group name="cucumber">
        <method signature="AbstractTestNGCucumberTests.runScenario(io.cucumber.testng.PickleWrapper,io.cucumber.testng.FeatureWrapper)[pri:0, instance:TestRunner.TestRunner@4fb61f4a]" name="runScenario" class="io.cucumber.testng.AbstractTestNGCucumberTests"/>
      </group> <!-- cucumber -->
    </groups>
    <test started-at="2023-08-07T08:39:25 BST" name="Default test" finished-at="2023-08-07T08:40:58 BST" duration-ms="92682">
      <class name="TestRunner.TestRunner">
        <test-method is-config="true" signature="setUpClass(org.testng.ITestContext)[pri:0, instance:TestRunner.TestRunner@4fb61f4a]" started-at="2023-08-07T08:39:25 BST" name="setUpClass" finished-at="2023-08-07T08:39:26 BST" duration-ms="409" status="PASS">
          <params>
            <param index="0">
              <value>
                <![CDATA[org.testng.TestRunner@53830483]]>
              </value>
            </param>
          </params>
          <reporter-output>
          </reporter-output>
        </test-method> <!-- setUpClass -->
        <test-method signature="runScenario(io.cucumber.testng.PickleWrapper,io.cucumber.testng.FeatureWrapper)[pri:0, instance:TestRunner.TestRunner@4fb61f4a]" started-at="2023-08-07T08:39:26 BST" name="runScenario" description="Runs Cucumber Scenarios" data-provider="scenarios" finished-at="2023-08-07T08:40:58 BST" duration-ms="92197" status="PASS">
          <params>
            <param index="0">
              <value>
                <![CDATA["Book cheapest Business class tickets for 4 Passengers round trip journey"]]>
              </value>
            </param>
            <param index="1">
              <value>
                <![CDATA["Optional[Flight ticket booking applications]"]]>
              </value>
            </param>
          </params>
          <reporter-output>
          </reporter-output>
        </test-method> <!-- runScenario -->
        <test-method is-config="true" signature="tearDownClass()[pri:0, instance:TestRunner.TestRunner@4fb61f4a]" started-at="2023-08-07T08:40:58 BST" name="tearDownClass" finished-at="2023-08-07T08:40:58 BST" duration-ms="18" status="PASS">
          <reporter-output>
          </reporter-output>
        </test-method> <!-- tearDownClass -->
      </class> <!-- TestRunner.TestRunner -->
    </test> <!-- Default test -->
  </suite> <!-- Default suite -->
</testng-results>
